2.209583284601368192e+01
2.209595419865884480e+01
2.213567083202244845e+01
2.216480469861918223e+01
2.212507905989275514e+01
2.206762153902387169e+01
2.209499382165519421e+01
2.211601182606402816e+01
2.212673676778014453e+01
2.210897988478750520e+01
2.212416355151970038e+01
2.211287757474377003e+01
2.210356382597169400e+01
2.211579995525165288e+01
2.212769888161754039e+01
2.212391544694933998e+01
2.210516970232863088e+01
2.212469913106406594e+01
2.210364522349266991e+01
2.211083687977604839e+01
2.212693643803521937e+01
2.211702286948746377e+01
2.212017585294550059e+01
2.211395192125000975e+01
2.211480728245001259e+01
2.212052673990231710e+01
2.212055648023488530e+01
2.218105195579434508e+01
2.204702534954364879e+01
2.213824892697520497e+01
2.211938046761762777e+01
2.211854432199130827e+01
2.210416963246338895e+01
2.211731928298463146e+01
2.212115090726339517e+01
2.211524189105818650e+01
2.211751751026740109e+01
2.211864162540049961e+01
2.211853901723265281e+01
2.212114041883837601e+01
2.210270965376567531e+01
2.210839605863622737e+01
2.210518475687408113e+01
2.211970785392736616e+01
2.211360508184277762e+01
2.212026694944352201e+01
2.210830967152316617e+01
2.211782848234618015e+01
2.211674161727119881e+01
2.211444482740671447e+01
2.211271545105739378e+01
2.212418425222069374e+01
2.209314633928221028e+01
2.210281123859603625e+01
