1.764136387958113119e+04
1.767067790230723767e+04
1.767667721094976150e+04
1.767435782931070571e+04
1.767614614015044936e+04
1.767862313022172748e+04
1.767744416409133919e+04
1.767652171600135989e+04
1.767607016195892356e+04
1.767680199871239529e+04
1.767617364380194704e+04
1.767665676580709624e+04
1.767705375929215006e+04
1.767652323875409274e+04
1.767600378371794068e+04
1.767616760657598934e+04
1.767699536565968447e+04
1.767613232766035071e+04
1.767706835835554011e+04
1.767674576085062290e+04
1.767603427675101193e+04
1.767647257758227352e+04
1.767633216885334332e+04
1.767661115515831625e+04
1.767657198128984237e+04
1.767631761984126933e+04
1.767631639178604382e+04
1.767363635703145701e+04
1.767956409613368669e+04
1.767553335734438951e+04
1.767636843062587650e+04
1.767640541997321270e+04
1.767704110775638765e+04
1.767645961063161667e+04
1.767629010543518234e+04
1.767655149899709068e+04
1.767645084208012122e+04
1.767640111554420218e+04
1.767640565464026076e+04
1.767629056946713536e+04
1.767710564885843996e+04
1.767685424661157958e+04
1.767699622976156388e+04
1.767635394735401132e+04
1.767662389318140049e+04
1.767632921298246220e+04
1.767685806636514098e+04
1.767643708612261617e+04
1.767648516313196524e+04
1.767658675287268488e+04
1.767666323827767337e+04
1.767615589407089283e+04
1.767752830772816378e+04
1.767710115824809691e+04
